c:\users\utsav\onedrive - iitkgp.ac.in\software engineering project\utsav\project\gui app\release\vc143.pdb
c:\users\utsav\onedrive - iitkgp.ac.in\software engineering project\utsav\project\gui app\release\main.obj
c:\users\utsav\onedrive - iitkgp.ac.in\software engineering project\utsav\project\gui app\release\imgui_impl_win32.obj
c:\users\utsav\onedrive - iitkgp.ac.in\software engineering project\utsav\project\gui app\release\imgui_impl_dx12.obj
c:\users\utsav\onedrive - iitkgp.ac.in\software engineering project\utsav\project\gui app\release\imgui_widgets.obj
c:\users\utsav\onedrive - iitkgp.ac.in\software engineering project\utsav\project\gui app\release\imgui_tables.obj
c:\users\utsav\onedrive - iitkgp.ac.in\software engineering project\utsav\project\gui app\release\imgui_draw.obj
c:\users\utsav\onedrive - iitkgp.ac.in\software engineering project\utsav\project\gui app\release\imgui_demo.obj
c:\users\utsav\onedrive - iitkgp.ac.in\software engineering project\utsav\project\gui app\release\imgui.obj
c:\users\utsav\onedrive - iitkgp.ac.in\software engineering project\utsav\project\gui app\release\blowfish.obj
c:\users\utsav\onedrive - iitkgp.ac.in\software engineering project\utsav\project\gui app\release\bcrypt.obj
c:\users\utsav\onedrive - iitkgp.ac.in\software engineering project\utsav\project\gui app\release\imgui_stdlib.obj
c:\users\utsav\onedrive - iitkgp.ac.in\software engineering project\utsav\project\gui app\release\gui app.ipdb
c:\users\utsav\onedrive - iitkgp.ac.in\software engineering project\utsav\project\gui app\release\gui app.iobj
c:\users\utsav\onedrive - iitkgp.ac.in\software engineering project\utsav\project\gui app\release\gui app.exe
c:\users\utsav\onedrive - iitkgp.ac.in\software engineering project\utsav\project\gui app\release\gui app.pdb
c:\users\utsav\onedrive - iitkgp.ac.in\software engineering project\utsav\project\gui app\release\gui app.vcxproj.filelistabsolute.txt
c:\users\utsav\onedrive - iitkgp.ac.in\software engineering project\utsav\project\gui app\release\gui app.tlog\cl.command.1.tlog
c:\users\utsav\onedrive - iitkgp.ac.in\software engineering project\utsav\project\gui app\release\gui app.tlog\cl.read.1.tlog
c:\users\utsav\onedrive - iitkgp.ac.in\software engineering project\utsav\project\gui app\release\gui app.tlog\cl.write.1.tlog
c:\users\utsav\onedrive - iitkgp.ac.in\software engineering project\utsav\project\gui app\release\gui app.tlog\gui app.write.1u.tlog
c:\users\utsav\onedrive - iitkgp.ac.in\software engineering project\utsav\project\gui app\release\gui app.tlog\link.command.1.tlog
c:\users\utsav\onedrive - iitkgp.ac.in\software engineering project\utsav\project\gui app\release\gui app.tlog\link.read.1.tlog
c:\users\utsav\onedrive - iitkgp.ac.in\software engineering project\utsav\project\gui app\release\gui app.tlog\link.write.1.tlog
