c:\users\utsav\onedrive - iitkgp.ac.in\software engineering project\utsav\project\gui app\debug\vc143.pdb
c:\users\utsav\onedrive - iitkgp.ac.in\software engineering project\utsav\project\gui app\debug\vc143.idb
c:\users\utsav\onedrive - iitkgp.ac.in\software engineering project\utsav\project\gui app\debug\main.obj
c:\users\utsav\onedrive - iitkgp.ac.in\software engineering project\utsav\project\gui app\debug\imgui_impl_win32.obj
c:\users\utsav\onedrive - iitkgp.ac.in\software engineering project\utsav\project\gui app\debug\imgui_impl_dx12.obj
c:\users\utsav\onedrive - iitkgp.ac.in\software engineering project\utsav\project\gui app\debug\imgui_widgets.obj
c:\users\utsav\onedrive - iitkgp.ac.in\software engineering project\utsav\project\gui app\debug\imgui_tables.obj
c:\users\utsav\onedrive - iitkgp.ac.in\software engineering project\utsav\project\gui app\debug\imgui_draw.obj
c:\users\utsav\onedrive - iitkgp.ac.in\software engineering project\utsav\project\gui app\debug\imgui_demo.obj
c:\users\utsav\onedrive - iitkgp.ac.in\software engineering project\utsav\project\gui app\debug\imgui.obj
c:\users\utsav\onedrive - iitkgp.ac.in\software engineering project\utsav\project\gui app\debug\blowfish.obj
c:\users\utsav\onedrive - iitkgp.ac.in\software engineering project\utsav\project\gui app\debug\bcrypt.obj
c:\users\utsav\onedrive - iitkgp.ac.in\software engineering project\utsav\project\gui app\debug\imgui_stdlib.obj
c:\users\utsav\onedrive - iitkgp.ac.in\software engineering project\utsav\project\gui app\debug\gui app.exe
c:\users\utsav\onedrive - iitkgp.ac.in\software engineering project\utsav\project\gui app\debug\gui app.ilk
c:\users\utsav\onedrive - iitkgp.ac.in\software engineering project\utsav\project\gui app\debug\gui app.pdb
c:\users\utsav\onedrive - iitkgp.ac.in\software engineering project\utsav\project\gui app\debug\gui app.vcxproj.filelistabsolute.txt
c:\users\utsav\onedrive - iitkgp.ac.in\software engineering project\utsav\project\gui app\debug\gui app.tlog\cl.command.1.tlog
c:\users\utsav\onedrive - iitkgp.ac.in\software engineering project\utsav\project\gui app\debug\gui app.tlog\cl.read.1.tlog
c:\users\utsav\onedrive - iitkgp.ac.in\software engineering project\utsav\project\gui app\debug\gui app.tlog\cl.write.1.tlog
c:\users\utsav\onedrive - iitkgp.ac.in\software engineering project\utsav\project\gui app\debug\gui app.tlog\link.command.1.tlog
c:\users\utsav\onedrive - iitkgp.ac.in\software engineering project\utsav\project\gui app\debug\gui app.tlog\link.read.1.tlog
c:\users\utsav\onedrive - iitkgp.ac.in\software engineering project\utsav\project\gui app\debug\gui app.tlog\link.write.1.tlog
